\BOOKMARK [1][-]{section.5}{Introduction}{}% 1
\BOOKMARK [1][-]{section.7}{Goal and Target Audience}{}% 2
\BOOKMARK [1][-]{section.9}{Data}{}% 3
\BOOKMARK [1][-]{section.12}{Related Work}{}% 4
\BOOKMARK [1][-]{section.14}{Visualization}{}% 5
\BOOKMARK [2][-]{subsection.18}{The play-off view}{section.14}% 6
\BOOKMARK [3][-]{subsubsection.20}{Context section}{subsection.18}% 7
\BOOKMARK [3][-]{subsubsection.22}{Bubble section}{subsection.18}% 8
\BOOKMARK [3][-]{subsubsection.26}{Previous designs}{subsection.18}% 9
\BOOKMARK [2][-]{subsection.29}{The statistics view}{section.14}% 10
\BOOKMARK [3][-]{subsubsection.31}{Context section}{subsection.29}% 11
\BOOKMARK [3][-]{subsubsection.33}{Arrow section}{subsection.29}% 12
\BOOKMARK [3][-]{subsubsection.35}{Selected statistics section}{subsection.29}% 13
\BOOKMARK [3][-]{subsubsection.37}{Previous designs}{subsection.29}% 14
\BOOKMARK [2][-]{subsection.40}{The team view}{section.14}% 15
\BOOKMARK [3][-]{subsubsection.42}{Field section}{subsection.40}% 16
\BOOKMARK [3][-]{subsubsection.44}{Previous designs}{subsection.40}% 17
\BOOKMARK [2][-]{subsection.47}{Technology}{section.14}% 18
\BOOKMARK [1][-]{section.49}{Lessons learned}{}% 19
\BOOKMARK [2][-]{subsection.51}{Story telling}{section.49}% 20
\BOOKMARK [2][-]{subsection.53}{Each component should be informative}{section.49}% 21
\BOOKMARK [2][-]{subsection.55}{Custom visualizations}{section.49}% 22
\BOOKMARK [1][-]{section.57}{Future work}{}% 23
\BOOKMARK [1][-]{section.59}{Conclusion}{}% 24
\BOOKMARK [1][-]{appendix.63}{Terminology}{}% 25
